{"C:\\Users\\smrit\\Desktop\\Rule_engine_ast\\client\\src\\components\\CreateRule.js": {"path":"C:\\Users\\smrit\\Desktop\\Rule_engine_ast\\client\\src\\components\\CreateRule.js","all":false,"statementMap":{"0":{"start":{"line":1,"column":0},"end":{"line":1,"column":31}},"1":{"start":{"line":2,"column":0},"end":{"line":2,"column":40}},"2":{"start":{"line":3,"column":0},"end":{"line":3,"column":98}},"3":{"start":{"line":4,"column":0},"end":{"line":4,"column":0}},"4":{"start":{"line":5,"column":0},"end":{"line":5,"column":23}},"5":{"start":{"line":6,"column":0},"end":{"line":6,"column":51}},"6":{"start":{"line":7,"column":0},"end":{"line":7,"column":0}},"7":{"start":{"line":8,"column":0},"end":{"line":8,"column":41}},"8":{"start":{"line":9,"column":0},"end":{"line":9,"column":23}},"9":{"start":{"line":10,"column":0},"end":{"line":10,"column":45}},"10":{"start":{"line":11,"column":0},"end":{"line":11,"column":49}},"11":{"start":{"line":12,"column":0},"end":{"line":12,"column":38}},"12":{"start":{"line":13,"column":0},"end":{"line":13,"column":60}},"13":{"start":{"line":14,"column":0},"end":{"line":14,"column":21}},"14":{"start":{"line":15,"column":0},"end":{"line":15,"column":54}},"15":{"start":{"line":16,"column":0},"end":{"line":16,"column":53}},"16":{"start":{"line":17,"column":0},"end":{"line":17,"column":7}},"17":{"start":{"line":18,"column":0},"end":{"line":18,"column":41}},"18":{"start":{"line":19,"column":0},"end":{"line":19,"column":24}},"19":{"start":{"line":20,"column":0},"end":{"line":20,"column":54}},"20":{"start":{"line":21,"column":0},"end":{"line":21,"column":26}},"21":{"start":{"line":22,"column":0},"end":{"line":22,"column":64}},"22":{"start":{"line":23,"column":0},"end":{"line":23,"column":4}},"23":{"start":{"line":24,"column":0},"end":{"line":24,"column":1}},"24":{"start":{"line":25,"column":0},"end":{"line":25,"column":10}},"25":{"start":{"line":26,"column":0},"end":{"line":26,"column":13}},"26":{"start":{"line":27,"column":0},"end":{"line":27,"column":85}},"27":{"start":{"line":28,"column":0},"end":{"line":28,"column":57}},"28":{"start":{"line":29,"column":0},"end":{"line":29,"column":30}},"29":{"start":{"line":30,"column":0},"end":{"line":30,"column":91}},"30":{"start":{"line":31,"column":0},"end":{"line":31,"column":16}},"31":{"start":{"line":32,"column":0},"end":{"line":32,"column":23}},"32":{"start":{"line":33,"column":0},"end":{"line":33,"column":25}},"33":{"start":{"line":34,"column":0},"end":{"line":34,"column":27}},"34":{"start":{"line":35,"column":0},"end":{"line":35,"column":20}},"35":{"start":{"line":36,"column":0},"end":{"line":36,"column":80}},"36":{"start":{"line":37,"column":0},"end":{"line":37,"column":12}},"37":{"start":{"line":38,"column":0},"end":{"line":38,"column":14}},"38":{"start":{"line":39,"column":0},"end":{"line":39,"column":30}},"39":{"start":{"line":40,"column":0},"end":{"line":40,"column":88}},"40":{"start":{"line":41,"column":0},"end":{"line":41,"column":16}},"41":{"start":{"line":42,"column":0},"end":{"line":42,"column":23}},"42":{"start":{"line":43,"column":0},"end":{"line":43,"column":27}},"43":{"start":{"line":44,"column":0},"end":{"line":44,"column":29}},"44":{"start":{"line":45,"column":0},"end":{"line":45,"column":20}},"45":{"start":{"line":46,"column":0},"end":{"line":46,"column":80}},"46":{"start":{"line":47,"column":0},"end":{"line":47,"column":12}},"47":{"start":{"line":48,"column":0},"end":{"line":48,"column":14}},"48":{"start":{"line":49,"column":0},"end":{"line":49,"column":104}},"49":{"start":{"line":50,"column":0},"end":{"line":50,"column":21}},"50":{"start":{"line":51,"column":0},"end":{"line":51,"column":17}},"51":{"start":{"line":52,"column":0},"end":{"line":52,"column":13}},"52":{"start":{"line":53,"column":0},"end":{"line":53,"column":75}},"53":{"start":{"line":54,"column":0},"end":{"line":54,"column":14}},"54":{"start":{"line":55,"column":0},"end":{"line":55,"column":4}},"55":{"start":{"line":56,"column":0},"end":{"line":56,"column":1}},"56":{"start":{"line":57,"column":0},"end":{"line":57,"column":0}},"57":{"start":{"line":58,"column":0},"end":{"line":58,"column":26}}},"s":{"0":1,"1":1,"2":1,"3":1,"4":1,"5":1,"6":1,"7":1,"8":3,"9":3,"10":3,"11":3,"12":3,"13":3,"14":3,"15":3,"16":3,"17":0,"18":0,"19":0,"20":0,"21":0,"22":1,"23":1,"24":1,"25":1,"26":1,"27":1,"28":1,"29":1,"30":1,"31":1,"32":1,"33":1,"34":1,"35":1,"36":1,"37":1,"38":1,"39":1,"40":1,"41":1,"42":1,"43":1,"44":1,"45":1,"46":1,"47":1,"48":1,"49":1,"50":1,"51":1,"52":1,"53":1,"54":1,"55":1,"56":1,"57":1},"branchMap":{"0":{"type":"branch","line":3,"loc":{"start":{"line":3,"column":54},"end":{"line":3,"column":55}},"locations":[{"start":{"line":3,"column":54},"end":{"line":3,"column":55}}]},"1":{"type":"branch","line":3,"loc":{"start":{"line":3,"column":54},"end":{"line":3,"column":55}},"locations":[{"start":{"line":3,"column":54},"end":{"line":3,"column":55}}]},"2":{"type":"branch","line":3,"loc":{"start":{"line":3,"column":54},"end":{"line":3,"column":55}},"locations":[{"start":{"line":3,"column":54},"end":{"line":3,"column":55}}]},"3":{"type":"branch","line":3,"loc":{"start":{"line":3,"column":54},"end":{"line":3,"column":55}},"locations":[{"start":{"line":3,"column":54},"end":{"line":3,"column":55}}]},"4":{"type":"branch","line":3,"loc":{"start":{"line":3,"column":54},"end":{"line":3,"column":55}},"locations":[{"start":{"line":3,"column":54},"end":{"line":3,"column":55}}]},"5":{"type":"branch","line":3,"loc":{"start":{"line":3,"column":54},"end":{"line":3,"column":55}},"locations":[{"start":{"line":3,"column":54},"end":{"line":3,"column":55}}]},"6":{"type":"branch","line":3,"loc":{"start":{"line":3,"column":54},"end":{"line":3,"column":55}},"locations":[{"start":{"line":3,"column":54},"end":{"line":3,"column":55}}]},"7":{"type":"branch","line":3,"loc":{"start":{"line":3,"column":54},"end":{"line":3,"column":55}},"locations":[{"start":{"line":3,"column":54},"end":{"line":3,"column":55}}]},"8":{"type":"branch","line":3,"loc":{"start":{"line":3,"column":54},"end":{"line":3,"column":55}},"locations":[{"start":{"line":3,"column":54},"end":{"line":3,"column":55}}]},"9":{"type":"branch","line":3,"loc":{"start":{"line":3,"column":54},"end":{"line":3,"column":55}},"locations":[{"start":{"line":3,"column":54},"end":{"line":3,"column":55}}]},"10":{"type":"branch","line":3,"loc":{"start":{"line":3,"column":54},"end":{"line":3,"column":55}},"locations":[{"start":{"line":3,"column":54},"end":{"line":3,"column":55}}]},"11":{"type":"branch","line":3,"loc":{"start":{"line":3,"column":54},"end":{"line":3,"column":55}},"locations":[{"start":{"line":3,"column":54},"end":{"line":3,"column":55}}]},"12":{"type":"branch","line":3,"loc":{"start":{"line":3,"column":54},"end":{"line":3,"column":55}},"locations":[{"start":{"line":3,"column":54},"end":{"line":3,"column":55}}]},"13":{"type":"branch","line":3,"loc":{"start":{"line":3,"column":54},"end":{"line":3,"column":55}},"locations":[{"start":{"line":3,"column":54},"end":{"line":3,"column":55}}]},"14":{"type":"branch","line":3,"loc":{"start":{"line":3,"column":54},"end":{"line":3,"column":55}},"locations":[{"start":{"line":3,"column":54},"end":{"line":3,"column":55}}]},"15":{"type":"branch","line":3,"loc":{"start":{"line":3,"column":54},"end":{"line":3,"column":55}},"locations":[{"start":{"line":3,"column":54},"end":{"line":3,"column":55}}]},"16":{"type":"branch","line":3,"loc":{"start":{"line":3,"column":54},"end":{"line":3,"column":55}},"locations":[{"start":{"line":3,"column":54},"end":{"line":3,"column":55}}]},"17":{"type":"branch","line":3,"loc":{"start":{"line":3,"column":54},"end":{"line":3,"column":55}},"locations":[{"start":{"line":3,"column":54},"end":{"line":3,"column":55}}]},"18":{"type":"branch","line":3,"loc":{"start":{"line":3,"column":54},"end":{"line":3,"column":55}},"locations":[{"start":{"line":3,"column":54},"end":{"line":3,"column":55}}]},"19":{"type":"branch","line":3,"loc":{"start":{"line":3,"column":54},"end":{"line":3,"column":55}},"locations":[{"start":{"line":3,"column":54},"end":{"line":3,"column":55}}]},"20":{"type":"branch","line":3,"loc":{"start":{"line":3,"column":54},"end":{"line":3,"column":55}},"locations":[{"start":{"line":3,"column":54},"end":{"line":3,"column":55}}]},"21":{"type":"branch","line":3,"loc":{"start":{"line":3,"column":54},"end":{"line":3,"column":55}},"locations":[{"start":{"line":3,"column":54},"end":{"line":3,"column":55}}]},"22":{"type":"branch","line":3,"loc":{"start":{"line":3,"column":54},"end":{"line":3,"column":55}},"locations":[{"start":{"line":3,"column":54},"end":{"line":3,"column":55}}]},"23":{"type":"branch","line":3,"loc":{"start":{"line":3,"column":54},"end":{"line":3,"column":55}},"locations":[{"start":{"line":3,"column":54},"end":{"line":3,"column":55}}]},"24":{"type":"branch","line":3,"loc":{"start":{"line":3,"column":54},"end":{"line":3,"column":55}},"locations":[{"start":{"line":3,"column":54},"end":{"line":3,"column":55}}]},"25":{"type":"branch","line":3,"loc":{"start":{"line":3,"column":54},"end":{"line":3,"column":55}},"locations":[{"start":{"line":3,"column":54},"end":{"line":3,"column":55}}]},"26":{"type":"branch","line":3,"loc":{"start":{"line":3,"column":54},"end":{"line":3,"column":55}},"locations":[{"start":{"line":3,"column":54},"end":{"line":3,"column":55}}]},"27":{"type":"branch","line":3,"loc":{"start":{"line":3,"column":54},"end":{"line":3,"column":55}},"locations":[{"start":{"line":3,"column":54},"end":{"line":3,"column":55}}]},"28":{"type":"branch","line":3,"loc":{"start":{"line":3,"column":54},"end":{"line":3,"column":55}},"locations":[{"start":{"line":3,"column":54},"end":{"line":3,"column":55}}]},"29":{"type":"branch","line":3,"loc":{"start":{"line":3,"column":54},"end":{"line":3,"column":55}},"locations":[{"start":{"line":3,"column":54},"end":{"line":3,"column":55}}]},"30":{"type":"branch","line":3,"loc":{"start":{"line":3,"column":54},"end":{"line":3,"column":55}},"locations":[{"start":{"line":3,"column":54},"end":{"line":3,"column":55}}]},"31":{"type":"branch","line":3,"loc":{"start":{"line":3,"column":54},"end":{"line":3,"column":55}},"locations":[{"start":{"line":3,"column":54},"end":{"line":3,"column":55}}]},"32":{"type":"branch","line":3,"loc":{"start":{"line":3,"column":54},"end":{"line":3,"column":55}},"locations":[{"start":{"line":3,"column":54},"end":{"line":3,"column":55}}]},"33":{"type":"branch","line":3,"loc":{"start":{"line":3,"column":54},"end":{"line":3,"column":55}},"locations":[{"start":{"line":3,"column":54},"end":{"line":3,"column":55}}]},"34":{"type":"branch","line":3,"loc":{"start":{"line":3,"column":54},"end":{"line":3,"column":55}},"locations":[{"start":{"line":3,"column":54},"end":{"line":3,"column":55}}]},"35":{"type":"branch","line":3,"loc":{"start":{"line":3,"column":54},"end":{"line":3,"column":55}},"locations":[{"start":{"line":3,"column":54},"end":{"line":3,"column":55}}]},"36":{"type":"branch","line":3,"loc":{"start":{"line":3,"column":54},"end":{"line":3,"column":55}},"locations":[{"start":{"line":3,"column":54},"end":{"line":3,"column":55}}]},"37":{"type":"branch","line":3,"loc":{"start":{"line":3,"column":54},"end":{"line":3,"column":55}},"locations":[{"start":{"line":3,"column":54},"end":{"line":3,"column":55}}]},"38":{"type":"branch","line":3,"loc":{"start":{"line":3,"column":54},"end":{"line":3,"column":55}},"locations":[{"start":{"line":3,"column":54},"end":{"line":3,"column":55}}]},"39":{"type":"branch","line":3,"loc":{"start":{"line":3,"column":54},"end":{"line":3,"column":55}},"locations":[{"start":{"line":3,"column":54},"end":{"line":3,"column":55}}]},"40":{"type":"branch","line":3,"loc":{"start":{"line":3,"column":54},"end":{"line":3,"column":55}},"locations":[{"start":{"line":3,"column":54},"end":{"line":3,"column":55}}]},"41":{"type":"branch","line":3,"loc":{"start":{"line":3,"column":54},"end":{"line":3,"column":55}},"locations":[{"start":{"line":3,"column":54},"end":{"line":3,"column":55}}]},"42":{"type":"branch","line":3,"loc":{"start":{"line":3,"column":54},"end":{"line":3,"column":55}},"locations":[{"start":{"line":3,"column":54},"end":{"line":3,"column":55}}]},"43":{"type":"branch","line":3,"loc":{"start":{"line":3,"column":54},"end":{"line":3,"column":55}},"locations":[{"start":{"line":3,"column":54},"end":{"line":3,"column":55}}]},"44":{"type":"branch","line":3,"loc":{"start":{"line":3,"column":54},"end":{"line":3,"column":55}},"locations":[{"start":{"line":3,"column":54},"end":{"line":3,"column":55}}]},"45":{"type":"branch","line":3,"loc":{"start":{"line":3,"column":54},"end":{"line":3,"column":55}},"locations":[{"start":{"line":3,"column":54},"end":{"line":3,"column":55}}]},"46":{"type":"branch","line":3,"loc":{"start":{"line":3,"column":54},"end":{"line":3,"column":55}},"locations":[{"start":{"line":3,"column":54},"end":{"line":3,"column":55}}]},"47":{"type":"branch","line":3,"loc":{"start":{"line":3,"column":54},"end":{"line":3,"column":55}},"locations":[{"start":{"line":3,"column":54},"end":{"line":3,"column":55}}]},"48":{"type":"branch","line":3,"loc":{"start":{"line":3,"column":54},"end":{"line":3,"column":55}},"locations":[{"start":{"line":3,"column":54},"end":{"line":3,"column":55}}]},"49":{"type":"branch","line":3,"loc":{"start":{"line":3,"column":54},"end":{"line":3,"column":55}},"locations":[{"start":{"line":3,"column":54},"end":{"line":3,"column":55}}]},"50":{"type":"branch","line":3,"loc":{"start":{"line":3,"column":54},"end":{"line":3,"column":55}},"locations":[{"start":{"line":3,"column":54},"end":{"line":3,"column":55}}]},"51":{"type":"branch","line":3,"loc":{"start":{"line":3,"column":54},"end":{"line":3,"column":55}},"locations":[{"start":{"line":3,"column":54},"end":{"line":3,"column":55}}]},"52":{"type":"branch","line":3,"loc":{"start":{"line":3,"column":54},"end":{"line":3,"column":55}},"locations":[{"start":{"line":3,"column":54},"end":{"line":3,"column":55}}]},"53":{"type":"branch","line":3,"loc":{"start":{"line":3,"column":54},"end":{"line":3,"column":55}},"locations":[{"start":{"line":3,"column":54},"end":{"line":3,"column":55}}]},"54":{"type":"branch","line":3,"loc":{"start":{"line":3,"column":54},"end":{"line":3,"column":55}},"locations":[{"start":{"line":3,"column":54},"end":{"line":3,"column":55}}]},"55":{"type":"branch","line":3,"loc":{"start":{"line":3,"column":54},"end":{"line":3,"column":55}},"locations":[{"start":{"line":3,"column":54},"end":{"line":3,"column":55}}]},"56":{"type":"branch","line":2,"loc":{"start":{"line":2,"column":0},"end":{"line":2,"column":40}},"locations":[{"start":{"line":2,"column":0},"end":{"line":2,"column":40}}]},"57":{"type":"branch","line":2,"loc":{"start":{"line":2,"column":0},"end":{"line":2,"column":40}},"locations":[{"start":{"line":2,"column":0},"end":{"line":2,"column":40}}]},"58":{"type":"branch","line":2,"loc":{"start":{"line":2,"column":0},"end":{"line":2,"column":40}},"locations":[{"start":{"line":2,"column":0},"end":{"line":2,"column":40}}]},"59":{"type":"branch","line":2,"loc":{"start":{"line":2,"column":0},"end":{"line":2,"column":40}},"locations":[{"start":{"line":2,"column":0},"end":{"line":2,"column":40}}]},"60":{"type":"branch","line":2,"loc":{"start":{"line":2,"column":0},"end":{"line":2,"column":40}},"locations":[{"start":{"line":2,"column":0},"end":{"line":2,"column":40}}]},"61":{"type":"branch","line":2,"loc":{"start":{"line":2,"column":0},"end":{"line":2,"column":40}},"locations":[{"start":{"line":2,"column":0},"end":{"line":2,"column":40}}]},"62":{"type":"branch","line":2,"loc":{"start":{"line":2,"column":0},"end":{"line":2,"column":40}},"locations":[{"start":{"line":2,"column":0},"end":{"line":2,"column":40}}]},"63":{"type":"branch","line":2,"loc":{"start":{"line":2,"column":0},"end":{"line":2,"column":40}},"locations":[{"start":{"line":2,"column":0},"end":{"line":2,"column":40}}]},"64":{"type":"branch","line":2,"loc":{"start":{"line":2,"column":0},"end":{"line":2,"column":40}},"locations":[{"start":{"line":2,"column":0},"end":{"line":2,"column":40}}]},"65":{"type":"branch","line":2,"loc":{"start":{"line":2,"column":0},"end":{"line":2,"column":40}},"locations":[{"start":{"line":2,"column":0},"end":{"line":2,"column":40}}]},"66":{"type":"branch","line":2,"loc":{"start":{"line":2,"column":0},"end":{"line":2,"column":40}},"locations":[{"start":{"line":2,"column":0},"end":{"line":2,"column":40}}]},"67":{"type":"branch","line":2,"loc":{"start":{"line":2,"column":0},"end":{"line":2,"column":40}},"locations":[{"start":{"line":2,"column":0},"end":{"line":2,"column":40}}]},"68":{"type":"branch","line":5,"loc":{"start":{"line":5,"column":0},"end":{"line":56,"column":1}},"locations":[{"start":{"line":5,"column":0},"end":{"line":56,"column":1}}]},"69":{"type":"branch","line":8,"loc":{"start":{"line":8,"column":24},"end":{"line":8,"column":27}},"locations":[{"start":{"line":8,"column":24},"end":{"line":8,"column":27}}]},"70":{"type":"branch","line":8,"loc":{"start":{"line":8,"column":27},"end":{"line":22,"column":64}},"locations":[{"start":{"line":8,"column":27},"end":{"line":22,"column":64}}]},"71":{"type":"branch","line":8,"loc":{"start":{"line":8,"column":35},"end":{"line":22,"column":64}},"locations":[{"start":{"line":8,"column":35},"end":{"line":22,"column":64}}]},"72":{"type":"branch","line":8,"loc":{"start":{"line":8,"column":35},"end":{"line":17,"column":7}},"locations":[{"start":{"line":8,"column":35},"end":{"line":17,"column":7}}]},"73":{"type":"branch","line":17,"loc":{"start":{"line":17,"column":6},"end":{"line":18,"column":41}},"locations":[{"start":{"line":17,"column":6},"end":{"line":18,"column":41}}]},"74":{"type":"branch","line":18,"loc":{"start":{"line":18,"column":40},"end":{"line":22,"column":64}},"locations":[{"start":{"line":18,"column":40},"end":{"line":22,"column":64}}]}},"b":{"0":[1],"1":[0],"2":[1],"3":[0],"4":[1],"5":[0],"6":[0],"7":[0],"8":[0],"9":[36],"10":[0],"11":[0],"12":[1],"13":[0],"14":[0],"15":[0],"16":[0],"17":[0],"18":[0],"19":[3],"20":[13],"21":[3],"22":[0],"23":[6],"24":[2],"25":[6],"26":[3],"27":[3],"28":[3],"29":[0],"30":[0],"31":[9],"32":[0],"33":[3],"34":[6],"35":[0],"36":[0],"37":[0],"38":[6],"39":[3],"40":[3],"41":[1],"42":[0],"43":[0],"44":[0],"45":[1],"46":[0],"47":[3],"48":[0],"49":[3],"50":[0],"51":[6],"52":[3],"53":[0],"54":[3],"55":[0],"56":[3],"57":[0],"58":[0],"59":[1],"60":[3],"61":[3],"62":[3],"63":[1],"64":[0],"65":[0],"66":[0],"67":[1],"68":[1],"69":[1],"70":[3],"71":[6],"72":[3],"73":[0],"74":[0]},"fnMap":{"0":{"name":"_getRequireWildcardCache","decl":{"start":{"line":3,"column":54},"end":{"line":3,"column":55}},"loc":{"start":{"line":3,"column":54},"end":{"line":3,"column":55}},"line":3},"1":{"name":"_getRequireWildcardCache","decl":{"start":{"line":3,"column":54},"end":{"line":3,"column":55}},"loc":{"start":{"line":3,"column":54},"end":{"line":3,"column":55}},"line":3},"2":{"name":"_interopRequireWildcard","decl":{"start":{"line":3,"column":54},"end":{"line":3,"column":55}},"loc":{"start":{"line":3,"column":54},"end":{"line":3,"column":55}},"line":3},"3":{"name":"_regeneratorRuntime","decl":{"start":{"line":3,"column":54},"end":{"line":3,"column":55}},"loc":{"start":{"line":3,"column":54},"end":{"line":3,"column":55}},"line":3},"4":{"name":"_regeneratorRuntime","decl":{"start":{"line":3,"column":54},"end":{"line":3,"column":55}},"loc":{"start":{"line":3,"column":54},"end":{"line":3,"column":55}},"line":3},"5":{"name":"o","decl":{"start":{"line":3,"column":54},"end":{"line":3,"column":55}},"loc":{"start":{"line":3,"column":54},"end":{"line":3,"column":55}},"line":3},"6":{"name":"define","decl":{"start":{"line":3,"column":54},"end":{"line":3,"column":55}},"loc":{"start":{"line":3,"column":54},"end":{"line":3,"column":55}},"line":3},"7":{"name":"define","decl":{"start":{"line":3,"column":54},"end":{"line":3,"column":55}},"loc":{"start":{"line":3,"column":54},"end":{"line":3,"column":55}},"line":3},"8":{"name":"wrap","decl":{"start":{"line":3,"column":54},"end":{"line":3,"column":55}},"loc":{"start":{"line":3,"column":54},"end":{"line":3,"column":55}},"line":3},"9":{"name":"tryCatch","decl":{"start":{"line":3,"column":54},"end":{"line":3,"column":55}},"loc":{"start":{"line":3,"column":54},"end":{"line":3,"column":55}},"line":3},"10":{"name":"Generator","decl":{"start":{"line":3,"column":54},"end":{"line":3,"column":55}},"loc":{"start":{"line":3,"column":54},"end":{"line":3,"column":55}},"line":3},"11":{"name":"GeneratorFunction","decl":{"start":{"line":3,"column":54},"end":{"line":3,"column":55}},"loc":{"start":{"line":3,"column":54},"end":{"line":3,"column":55}},"line":3},"12":{"name":"GeneratorFunctionPrototype","decl":{"start":{"line":3,"column":54},"end":{"line":3,"column":55}},"loc":{"start":{"line":3,"column":54},"end":{"line":3,"column":55}},"line":3},"13":{"name":"defineIteratorMethods","decl":{"start":{"line":3,"column":54},"end":{"line":3,"column":55}},"loc":{"start":{"line":3,"column":54},"end":{"line":3,"column":55}},"line":3},"14":{"name":"AsyncIterator","decl":{"start":{"line":3,"column":54},"end":{"line":3,"column":55}},"loc":{"start":{"line":3,"column":54},"end":{"line":3,"column":55}},"line":3},"15":{"name":"makeInvokeMethod","decl":{"start":{"line":3,"column":54},"end":{"line":3,"column":55}},"loc":{"start":{"line":3,"column":54},"end":{"line":3,"column":55}},"line":3},"16":{"name":"maybeInvokeDelegate","decl":{"start":{"line":3,"column":54},"end":{"line":3,"column":55}},"loc":{"start":{"line":3,"column":54},"end":{"line":3,"column":55}},"line":3},"17":{"name":"pushTryEntry","decl":{"start":{"line":3,"column":54},"end":{"line":3,"column":55}},"loc":{"start":{"line":3,"column":54},"end":{"line":3,"column":55}},"line":3},"18":{"name":"resetTryEntry","decl":{"start":{"line":3,"column":54},"end":{"line":3,"column":55}},"loc":{"start":{"line":3,"column":54},"end":{"line":3,"column":55}},"line":3},"19":{"name":"Context","decl":{"start":{"line":3,"column":54},"end":{"line":3,"column":55}},"loc":{"start":{"line":3,"column":54},"end":{"line":3,"column":55}},"line":3},"20":{"name":"values","decl":{"start":{"line":3,"column":54},"end":{"line":3,"column":55}},"loc":{"start":{"line":3,"column":54},"end":{"line":3,"column":55}},"line":3},"21":{"name":"next","decl":{"start":{"line":3,"column":54},"end":{"line":3,"column":55}},"loc":{"start":{"line":3,"column":54},"end":{"line":3,"column":55}},"line":3},"22":{"name":"e.isGeneratorFunction","decl":{"start":{"line":3,"column":54},"end":{"line":3,"column":55}},"loc":{"start":{"line":3,"column":54},"end":{"line":3,"column":55}},"line":3},"23":{"name":"e.mark","decl":{"start":{"line":3,"column":54},"end":{"line":3,"column":55}},"loc":{"start":{"line":3,"column":54},"end":{"line":3,"column":55}},"line":3},"24":{"name":"e.awrap","decl":{"start":{"line":3,"column":54},"end":{"line":3,"column":55}},"loc":{"start":{"line":3,"column":54},"end":{"line":3,"column":55}},"line":3},"25":{"name":"e.async","decl":{"start":{"line":3,"column":54},"end":{"line":3,"column":55}},"loc":{"start":{"line":3,"column":54},"end":{"line":3,"column":55}},"line":3},"26":{"name":"e.keys","decl":{"start":{"line":3,"column":54},"end":{"line":3,"column":55}},"loc":{"start":{"line":3,"column":54},"end":{"line":3,"column":55}},"line":3},"27":{"name":"reset","decl":{"start":{"line":3,"column":54},"end":{"line":3,"column":55}},"loc":{"start":{"line":3,"column":54},"end":{"line":3,"column":55}},"line":3},"28":{"name":"stop","decl":{"start":{"line":3,"column":54},"end":{"line":3,"column":55}},"loc":{"start":{"line":3,"column":54},"end":{"line":3,"column":55}},"line":3},"29":{"name":"dispatchException","decl":{"start":{"line":3,"column":54},"end":{"line":3,"column":55}},"loc":{"start":{"line":3,"column":54},"end":{"line":3,"column":55}},"line":3},"30":{"name":"handle","decl":{"start":{"line":3,"column":54},"end":{"line":3,"column":55}},"loc":{"start":{"line":3,"column":54},"end":{"line":3,"column":55}},"line":3},"31":{"name":"abrupt","decl":{"start":{"line":3,"column":54},"end":{"line":3,"column":55}},"loc":{"start":{"line":3,"column":54},"end":{"line":3,"column":55}},"line":3},"32":{"name":"complete","decl":{"start":{"line":3,"column":54},"end":{"line":3,"column":55}},"loc":{"start":{"line":3,"column":54},"end":{"line":3,"column":55}},"line":3},"33":{"name":"finish","decl":{"start":{"line":3,"column":54},"end":{"line":3,"column":55}},"loc":{"start":{"line":3,"column":54},"end":{"line":3,"column":55}},"line":3},"34":{"name":"_catch","decl":{"start":{"line":3,"column":54},"end":{"line":3,"column":55}},"loc":{"start":{"line":3,"column":54},"end":{"line":3,"column":55}},"line":3},"35":{"name":"delegateYield","decl":{"start":{"line":3,"column":54},"end":{"line":3,"column":55}},"loc":{"start":{"line":3,"column":54},"end":{"line":3,"column":55}},"line":3},"36":{"name":"asyncGeneratorStep","decl":{"start":{"line":2,"column":0},"end":{"line":2,"column":40}},"loc":{"start":{"line":2,"column":0},"end":{"line":2,"column":40}},"line":2},"37":{"name":"_asyncToGenerator","decl":{"start":{"line":2,"column":0},"end":{"line":2,"column":40}},"loc":{"start":{"line":2,"column":0},"end":{"line":2,"column":40}},"line":2},"38":{"name":"_next","decl":{"start":{"line":2,"column":0},"end":{"line":2,"column":40}},"loc":{"start":{"line":2,"column":0},"end":{"line":2,"column":40}},"line":2},"39":{"name":"_throw","decl":{"start":{"line":2,"column":0},"end":{"line":2,"column":40}},"loc":{"start":{"line":2,"column":0},"end":{"line":2,"column":40}},"line":2},"40":{"name":"_slicedToArray","decl":{"start":{"line":2,"column":0},"end":{"line":2,"column":40}},"loc":{"start":{"line":2,"column":0},"end":{"line":2,"column":40}},"line":2},"41":{"name":"_nonIterableRest","decl":{"start":{"line":2,"column":0},"end":{"line":2,"column":40}},"loc":{"start":{"line":2,"column":0},"end":{"line":2,"column":40}},"line":2},"42":{"name":"_unsupportedIterableToArray","decl":{"start":{"line":2,"column":0},"end":{"line":2,"column":40}},"loc":{"start":{"line":2,"column":0},"end":{"line":2,"column":40}},"line":2},"43":{"name":"_arrayLikeToArray","decl":{"start":{"line":2,"column":0},"end":{"line":2,"column":40}},"loc":{"start":{"line":2,"column":0},"end":{"line":2,"column":40}},"line":2},"44":{"name":"_iterableToArrayLimit","decl":{"start":{"line":2,"column":0},"end":{"line":2,"column":40}},"loc":{"start":{"line":2,"column":0},"end":{"line":2,"column":40}},"line":2},"45":{"name":"_arrayWithHoles","decl":{"start":{"line":2,"column":0},"end":{"line":2,"column":40}},"loc":{"start":{"line":2,"column":0},"end":{"line":2,"column":40}},"line":2},"46":{"name":"CreateRule","decl":{"start":{"line":5,"column":0},"end":{"line":56,"column":1}},"loc":{"start":{"line":5,"column":0},"end":{"line":56,"column":1}},"line":5},"47":{"name":"_callee","decl":{"start":{"line":8,"column":27},"end":{"line":22,"column":64}},"loc":{"start":{"line":8,"column":27},"end":{"line":22,"column":64}},"line":8},"48":{"name":"_callee$","decl":{"start":{"line":8,"column":35},"end":{"line":22,"column":64}},"loc":{"start":{"line":8,"column":35},"end":{"line":22,"column":64}},"line":8}},"f":{"0":1,"1":1,"2":1,"3":1,"4":3,"5":0,"6":13,"7":0,"8":3,"9":6,"10":0,"11":0,"12":0,"13":2,"14":0,"15":3,"16":0,"17":0,"18":3,"19":3,"20":1,"21":0,"22":0,"23":1,"24":0,"25":0,"26":0,"27":3,"28":3,"29":6,"30":3,"31":0,"32":0,"33":0,"34":0,"35":0,"36":3,"37":1,"38":3,"39":0,"40":1,"41":0,"42":0,"43":0,"44":0,"45":1,"46":1,"47":3,"48":6}}
,"C:\\Users\\smrit\\Desktop\\Rule_engine_ast\\client\\src\\utils\\treeUtils.js": {"path":"C:\\Users\\smrit\\Desktop\\Rule_engine_ast\\client\\src\\utils\\treeUtils.js","all":false,"statementMap":{"0":{"start":{"line":1,"column":0},"end":{"line":1,"column":15}},"1":{"start":{"line":2,"column":0},"end":{"line":2,"column":81}},"2":{"start":{"line":3,"column":0},"end":{"line":3,"column":23}},"3":{"start":{"line":4,"column":0},"end":{"line":4,"column":0}},"4":{"start":{"line":5,"column":0},"end":{"line":5,"column":49}},"5":{"start":{"line":6,"column":0},"end":{"line":6,"column":24}},"6":{"start":{"line":7,"column":0},"end":{"line":7,"column":37}},"7":{"start":{"line":8,"column":0},"end":{"line":8,"column":102}},"8":{"start":{"line":9,"column":0},"end":{"line":9,"column":56}},"9":{"start":{"line":10,"column":0},"end":{"line":10,"column":0}},"10":{"start":{"line":11,"column":0},"end":{"line":11,"column":39}},"11":{"start":{"line":12,"column":0},"end":{"line":12,"column":35}},"12":{"start":{"line":13,"column":0},"end":{"line":13,"column":0}},"13":{"start":{"line":14,"column":0},"end":{"line":14,"column":40}},"14":{"start":{"line":15,"column":0},"end":{"line":15,"column":22}},"15":{"start":{"line":16,"column":0},"end":{"line":16,"column":71}},"16":{"start":{"line":17,"column":0},"end":{"line":17,"column":66}},"17":{"start":{"line":18,"column":0},"end":{"line":18,"column":0}},"18":{"start":{"line":19,"column":0},"end":{"line":19,"column":50}},"19":{"start":{"line":20,"column":0},"end":{"line":20,"column":45}},"20":{"start":{"line":21,"column":0},"end":{"line":21,"column":83}},"21":{"start":{"line":22,"column":0},"end":{"line":22,"column":3}},"22":{"start":{"line":23,"column":0},"end":{"line":23,"column":0}},"23":{"start":{"line":24,"column":0},"end":{"line":24,"column":18}},"24":{"start":{"line":25,"column":0},"end":{"line":25,"column":1}}},"s":{"0":1,"1":1,"2":0,"3":0,"4":0,"5":0,"6":0,"7":0,"8":0,"9":0,"10":0,"11":0,"12":0,"13":0,"14":0,"15":0,"16":0,"17":0,"18":0,"19":0,"20":0,"21":0,"22":0,"23":0,"24":0},"branchMap":{},"b":{},"fnMap":{"0":{"name":"generateTreeHTML","decl":{"start":{"line":2,"column":7},"end":{"line":25,"column":1}},"loc":{"start":{"line":2,"column":7},"end":{"line":25,"column":1}},"line":2}},"f":{"0":0}}
}
