TN:
SF:src\components\CreateRule.js
FN:3,_getRequireWildcardCache
FN:3,_getRequireWildcardCache
FN:3,_interopRequireWildcard
FN:3,_regeneratorRuntime
FN:3,_regeneratorRuntime
FN:3,o
FN:3,define
FN:3,define
FN:3,wrap
FN:3,tryCatch
FN:3,Generator
FN:3,GeneratorFunction
FN:3,GeneratorFunctionPrototype
FN:3,defineIteratorMethods
FN:3,AsyncIterator
FN:3,makeInvokeMethod
FN:3,maybeInvokeDelegate
FN:3,pushTryEntry
FN:3,resetTryEntry
FN:3,Context
FN:3,values
FN:3,next
FN:3,e.isGeneratorFunction
FN:3,e.mark
FN:3,e.awrap
FN:3,e.async
FN:3,e.keys
FN:3,reset
FN:3,stop
FN:3,dispatchException
FN:3,handle
FN:3,abrupt
FN:3,complete
FN:3,finish
FN:3,_catch
FN:3,delegateYield
FN:2,asyncGeneratorStep
FN:2,_asyncToGenerator
FN:2,_next
FN:2,_throw
FN:2,_slicedToArray
FN:2,_nonIterableRest
FN:2,_unsupportedIterableToArray
FN:2,_arrayLikeToArray
FN:2,_iterableToArrayLimit
FN:2,_arrayWithHoles
FN:5,CreateRule
FN:8,_callee
FN:8,_callee$
FNF:49
FNH:26
FNDA:1,_getRequireWildcardCache
FNDA:1,_getRequireWildcardCache
FNDA:1,_interopRequireWildcard
FNDA:1,_regeneratorRuntime
FNDA:3,_regeneratorRuntime
FNDA:0,o
FNDA:13,define
FNDA:0,define
FNDA:3,wrap
FNDA:6,tryCatch
FNDA:0,Generator
FNDA:0,GeneratorFunction
FNDA:0,GeneratorFunctionPrototype
FNDA:2,defineIteratorMethods
FNDA:0,AsyncIterator
FNDA:3,makeInvokeMethod
FNDA:0,maybeInvokeDelegate
FNDA:0,pushTryEntry
FNDA:3,resetTryEntry
FNDA:3,Context
FNDA:1,values
FNDA:0,next
FNDA:0,e.isGeneratorFunction
FNDA:1,e.mark
FNDA:0,e.awrap
FNDA:0,e.async
FNDA:0,e.keys
FNDA:3,reset
FNDA:3,stop
FNDA:6,dispatchException
FNDA:3,handle
FNDA:0,abrupt
FNDA:0,complete
FNDA:0,finish
FNDA:0,_catch
FNDA:0,delegateYield
FNDA:3,asyncGeneratorStep
FNDA:1,_asyncToGenerator
FNDA:3,_next
FNDA:0,_throw
FNDA:1,_slicedToArray
FNDA:0,_nonIterableRest
FNDA:0,_unsupportedIterableToArray
FNDA:0,_arrayLikeToArray
FNDA:0,_iterableToArrayLimit
FNDA:1,_arrayWithHoles
FNDA:1,CreateRule
FNDA:3,_callee
FNDA:6,_callee$
DA:1,1
DA:2,1
DA:3,1
DA:4,1
DA:5,1
DA:6,1
DA:7,1
DA:8,1
DA:9,3
DA:10,3
DA:11,3
DA:12,3
DA:13,3
DA:14,3
DA:15,3
DA:16,3
DA:17,3
DA:18,0
DA:19,0
DA:20,0
DA:21,0
DA:22,0
DA:23,1
DA:24,1
DA:25,1
DA:26,1
DA:27,1
DA:28,1
DA:29,1
DA:30,1
DA:31,1
DA:32,1
DA:33,1
DA:34,1
DA:35,1
DA:36,1
DA:37,1
DA:38,1
DA:39,1
DA:40,1
DA:41,1
DA:42,1
DA:43,1
DA:44,1
DA:45,1
DA:46,1
DA:47,1
DA:48,1
DA:49,1
DA:50,1
DA:51,1
DA:52,1
DA:53,1
DA:54,1
DA:55,1
DA:56,1
DA:57,1
DA:58,1
LF:58
LH:53
BRDA:3,0,0,1
BRDA:3,1,0,0
BRDA:3,2,0,1
BRDA:3,3,0,0
BRDA:3,4,0,1
BRDA:3,5,0,0
BRDA:3,6,0,0
BRDA:3,7,0,0
BRDA:3,8,0,0
BRDA:3,9,0,36
BRDA:3,10,0,0
BRDA:3,11,0,0
BRDA:3,12,0,1
BRDA:3,13,0,0
BRDA:3,14,0,0
BRDA:3,15,0,0
BRDA:3,16,0,0
BRDA:3,17,0,0
BRDA:3,18,0,0
BRDA:3,19,0,3
BRDA:3,20,0,13
BRDA:3,21,0,3
BRDA:3,22,0,0
BRDA:3,23,0,6
BRDA:3,24,0,2
BRDA:3,25,0,6
BRDA:3,26,0,3
BRDA:3,27,0,3
BRDA:3,28,0,3
BRDA:3,29,0,0
BRDA:3,30,0,0
BRDA:3,31,0,9
BRDA:3,32,0,0
BRDA:3,33,0,3
BRDA:3,34,0,6
BRDA:3,35,0,0
BRDA:3,36,0,0
BRDA:3,37,0,0
BRDA:3,38,0,6
BRDA:3,39,0,3
BRDA:3,40,0,3
BRDA:3,41,0,1
BRDA:3,42,0,0
BRDA:3,43,0,0
BRDA:3,44,0,0
BRDA:3,45,0,1
BRDA:3,46,0,0
BRDA:3,47,0,3
BRDA:3,48,0,0
BRDA:3,49,0,3
BRDA:3,50,0,0
BRDA:3,51,0,6
BRDA:3,52,0,3
BRDA:3,53,0,0
BRDA:3,54,0,3
BRDA:3,55,0,0
BRDA:2,56,0,3
BRDA:2,57,0,0
BRDA:2,58,0,0
BRDA:2,59,0,1
BRDA:2,60,0,3
BRDA:2,61,0,3
BRDA:2,62,0,3
BRDA:2,63,0,1
BRDA:2,64,0,0
BRDA:2,65,0,0
BRDA:2,66,0,0
BRDA:2,67,0,1
BRDA:5,68,0,1
BRDA:8,69,0,1
BRDA:8,70,0,3
BRDA:8,71,0,6
BRDA:8,72,0,3
BRDA:17,73,0,0
BRDA:18,74,0,0
BRF:75
BRH:39
end_of_record
TN:
SF:src\utils\treeUtils.js
FN:2,generateTreeHTML
FNF:1
FNH:0
FNDA:0,generateTreeHTML
DA:1,1
DA:2,1
DA:3,0
DA:4,0
DA:5,0
DA:6,0
DA:7,0
DA:8,0
DA:9,0
DA:10,0
DA:11,0
DA:12,0
DA:13,0
DA:14,0
DA:15,0
DA:16,0
DA:17,0
DA:18,0
DA:19,0
DA:20,0
DA:21,0
DA:22,0
DA:23,0
DA:24,0
DA:25,0
LF:25
LH:2
BRF:0
BRH:0
end_of_record
